All data recieved from requester

As bioinformatics were involved in curating transcripts some usual steps for obtaining the transcripts (extracting from Moka) is non-standard
Pan3973 Pantranscripts list
The list of transcripts was created form a master list

Pan3973_part1-4.txt
These files were manually curated, ensuring there were no duplicate transcripts for each gene. A check was also performed for duplicate transcripts.
Pan3973_problem.txt
After running mokabed on Pan3973_part1.txt a problem was found with SMN1. This was removed from SMN1 to processing seperately later

Pan3973_part1-4.txt
All 4 samples were run through mokabed. See each logfile for full logs but the commands executed have been extracted and saved below. 
/home/dnanexus/mokabed/LiveBedfiles/TestArea_for_bed_generation_script/OOBed7_uses_mirrored_database_.py --codingup 10 --codingdown 10 --useaccessions --transcripts /home/dnanexus/in/transcript_file/Pan3973_part1.txt --minuschr --outputfile /home/dnanexus/out/Output_files/Pan3973_part1data.bed --logfile /home/dnanexus/out/Output_files/Pan3973_part1_LogFile.txt 
/home/dnanexus/mokabed/LiveBedfiles/TestArea_for_bed_generation_script/OOBed7_uses_mirrored_database_.py --codingup 10 --codingdown 10 --useaccessions --transcripts /home/dnanexus/in/transcript_file/Pan3973_part2.txt --minuschr --outputfile /home/dnanexus/out/Output_files/Pan3973_part2data.bed --logfile /home/dnanexus/out/Output_files/Pan3973_part2_LogFile.txt 
/home/dnanexus/mokabed/LiveBedfiles/TestArea_for_bed_generation_script/OOBed7_uses_mirrored_database_.py --codingup 10 --codingdown 10 --useaccessions --transcripts /home/dnanexus/in/transcript_file/Pan3973_part3.txt --minuschr --outputfile /home/dnanexus/out/Output_files/Pan3973_part3data.bed --logfile /home/dnanexus/out/Output_files/Pan3973_part3_LogFile.txt 
/home/dnanexus/mokabed/LiveBedfiles/TestArea_for_bed_generation_script/OOBed7_uses_mirrored_database_.py --codingup 10 --codingdown 10 --useaccessions --transcripts /home/dnanexus/in/transcript_file/Pan3973_part4.txt --minuschr --outputfile /home/dnanexus/out/Output_files/Pan3973_part4data.bed --logfile /home/dnanexus/out/Output_files/Pan3973_part4_LogFile.txt 

# Combining multiple transcripts
Where multiple transcripts have been provided, the below BEDtools subtract command adds regions from file a not already covered in file b to the end of file b:
bedtools subtract -a '/home/aled/Documents/mokabed/LiveBedfiles/Pan3973_part4data.bed' -b '/home/aled/Documents/mokabed/LiveBedfiles/Pan3973_part3data.bed' >> '/home/aled/Documents/mokabed/LiveBedfiles/Pan3973_part3data.bed'

Adding regions from part4 to part3 does not include any additional regions.
Part4 BED files are deleted

## merging parts 2 and 3
Add regions from part 3 not included in part 2
bedtools subtract -a '/home/aled/Documents/mokabed/LiveBedfiles/Pan3973_part3data.bed' -b '/home/aled/Documents/mokabed/LiveBedfiles/Pan3973_part2data.bed' >> '/home/aled/Documents/mokabed/LiveBedfiles/Pan3973_part2data.bed'
# repeat for sambamba
bedtools subtract -a '/home/aled/Documents/mokabed/LiveBedfiles/Pan3973_part3dataSambamba.bed' -b '/home/aled/Documents/mokabed/LiveBedfiles/Pan3973_part2dataSambamba.bed' >> '/home/aled/Documents/mokabed/LiveBedfiles/Pan3973_part2dataSambamba.bed'
Part3 BED files are deleted

## merging parts 1 and 2
Add regions from part 3 not included in part 2
bedtools subtract -a '/home/aled/Documents/mokabed/LiveBedfiles/Pan3973_part2data.bed' -b '/home/aled/Documents/mokabed/LiveBedfiles/Pan3973_part1data.bed' >> '/home/aled/Documents/mokabed/LiveBedfiles/Pan3973_part1data.bed'
# repeat for sambamba
bedtools subtract -a '/home/aled/Documents/mokabed/LiveBedfiles/Pan3973_part2dataSambamba.bed' -b '/home/aled/Documents/mokabed/LiveBedfiles/Pan3973_part1dataSambamba.bed' >> '/home/aled/Documents/mokabed/LiveBedfiles/Pan3973_part1dataSambamba.bed'
Part2 BED files are deleted
